Arguments: 
  C:\Program Files\nodejs\node.exe C:\Users\Lawrence\AppData\Roaming\npm\node_modules\yarn\bin\yarn.js add react-cusdis

PATH: 
  C:\Program Files\Git\mingw64\bin;C:\Program Files\Git\usr\bin;C:\Users\Lawrence\bin;C:\Program Files (x86)\Razer Chroma SDK\bin;C:\Program Files\Razer Chroma SDK\bin;C:\Program Files (x86)\Razer\ChromaBroadcast\bin;C:\Program Files\Razer\ChromaBroadcast\bin;C:\Python39\Scripts;C:\Python39;C:\Windows\system32;C:\Windows;C:\Windows\System32\Wbem;C:\Windows\System32\WindowsPowerShell\v1.0;C:\Windows\System32\OpenSSH;C:\Program Files\Git\cmd;C:\Program Files\nodejs;C:\ProgramData\chocolatey\bin;C:\Windows\system32\config\systemprofile\AppData\Local\Microsoft\WindowsApps;C:\Program Files\PostgreSQL\13\bin;E:\Program Files (x86)\PDFtk\bin;E:\Program Files (x86)\PDFtk Server\bin;C:\Program Files\OpenJDK\openjdk-8u292-b10\bin;C:\Program Files\Docker\Docker\resources\bin;C:\ProgramData\DockerDesktop\version-bin;C:\Users\Lawrence\AppData\Roaming\Python\Python39\site-packages\streamlit;C:\Program Files\NVIDIA Corporation\NVIDIA NvDLISR;C:\Program Files (x86)\NVIDIA Corporation\PhysX\Common;C:\Program Files\PuTTY;C:\Users\Lawrence\.cargo\bin;C:\Users\Lawrence\AppData\Local\Microsoft\WindowsApps;C:\Users\Lawrence\AppData\Local\Programs\Microsoft VS Code\bin;C:\Users\Lawrence\AppData\Roaming\npm;C:\Users\Lawrence\AppData\Local\Android\Sdk\platform-tools;E:\texlive\2021\bin\win32

Yarn version: 
  1.22.10

Node version: 
  14.15.3

Platform: 
  win32 x64

Trace: 
  Error: EPERM: operation not permitted, unlink 'C:\Users\Lawrence\lawrencelin\node_modules\sharp\build\Release\libvips-42.dll'

npm manifest: 
  {
    "version": "3.0.7",
    "name": "gatsby-starter-lumen",
    "description": "A minimal, lightweight and mobile-first starter for creating blazing-fast static blogs",
    "main": "n/a",
    "scripts": {
      "develop": "yarn clean && gatsby develop",
      "build": "yarn clean && gatsby build",
      "deploy": "yarn clean && gatsby build --prefix-paths && gh-pages -d public",
      "clean": "rimraf .cache public",
      "flow": "flow",
      "lint:js": "eslint --cache --ext .js,.jsx .",
      "lint:scss": "stylelint \"src/**/*.scss\"",
      "lint": "concurrently \"yarn lint:js\" \"yarn lint:scss\" \"yarn flow\"",
      "test": "jest --config ./jest/jest-config.js",
      "test:coverage": "jest --coverage --config ./jest/jest-config.js",
      "test:watch": "jest --watch --config ./jest/jest-config.js"
    },
    "repository": "https://github.com/alxshelepenok/gatsby-starter-lumen",
    "author": "Alexander Shelepenok <alxshelepenok@gmail.com>",
    "license": "MIT",
    "keywords": [
      "gatsby",
      "graphql",
      "netlify",
      "netlify-cms",
      "pagination",
      "categories",
      "tags",
      "prismjs",
      "static",
      "lost",
      "blog",
      "minimal",
      "react",
      "theme",
      "starter",
      "disqus"
    ],
    "dependencies": {
      "@mdx-js/mdx": "^1.6.22",
      "@mdx-js/react": "^1.6.22",
      "@sentry/gatsby": "^6.8.0",
      "@sentry/tracing": "^6.8.0",
      "bluebird": "^3.7.2",
      "classnames": "^2.3.1",
      "codecov": "^3.8.2",
      "gatsby": "^2.32.13",
      "gatsby-link": "^2.11.0",
      "gatsby-plugin-catch-links": "^2.10.0",
      "gatsby-plugin-feed": "^2.13.1",
      "gatsby-plugin-flow": "^1.10.0",
      "gatsby-plugin-google-gtag": "^2.8.0",
      "gatsby-plugin-manifest": "^2.12.1",
      "gatsby-plugin-mdx": "^2.9.0",
      "gatsby-plugin-mdx-frontmatter": "^0.0.4",
      "gatsby-plugin-netlify": "^2.11.1",
      "gatsby-plugin-netlify-cms": "^4.10.1",
      "gatsby-plugin-netlify-cms-paths": "^1.3.0",
      "gatsby-plugin-offline": "^3.10.2",
      "gatsby-plugin-optimize-svgs": "^1.0.5",
      "gatsby-plugin-react-helmet": "^3.10.0",
      "gatsby-plugin-sass": "^3.2.0",
      "gatsby-plugin-sharp": "^2.14.4",
      "gatsby-plugin-sitemap": "^2.12.0",
      "gatsby-remark-autolink-headers": "^2.11.0",
      "gatsby-remark-copy-linked-files": "^2.10.0",
      "gatsby-remark-external-links": "0.0.4",
      "gatsby-remark-images": "^3.11.1",
      "gatsby-remark-katex": "^3.10.0",
      "gatsby-remark-prismjs": "^3.13.0",
      "gatsby-remark-relative-images": "^2.0.2",
      "gatsby-remark-responsive-iframe": "^2.11.0",
      "gatsby-remark-smartypants": "^2.10.0",
      "gatsby-source-filesystem": "^2.11.1",
      "gatsby-transformer-remark": "^4.6.0",
      "gatsby-transformer-sharp": "^2.12.1",
      "invariant": "^2.2.4",
      "katex": "^0.13.11",
      "lodash": "^4.17.21",
      "moment": "^2.29.1",
      "netlify-cms-app": "^2.15.26",
      "node-sass": "^6.0.1",
      "normalize-scss": "^7.0.1",
      "prismjs": "^1.24.1",
      "react": "^17.0.2",
      "react-disqus-comments": "^1.4.0",
      "react-dom": "^17.0.2",
      "react-headroom": "^3.1.1",
      "react-helmet": "^6.1.0",
      "react-toggle": "^4.1.2"
    },
    "devDependencies": {
      "@babel/core": "7.14.6",
      "@babel/plugin-proposal-class-properties": "7.14.5",
      "@babel/plugin-proposal-optional-chaining": "7.14.5",
      "@babel/plugin-transform-flow-strip-types": "^7.14.5",
      "@babel/preset-env": "7.14.7",
      "@babel/preset-react": "7.14.5",
      "@deckdeckgo/highlight-code": "^3.3.1",
      "autoprefixer": "9.8.6",
      "babel-core": "7.0.0-bridge.0",
      "babel-eslint": "10.1.0",
      "babel-jest": "26.6.3",
      "babel-preset-gatsby": "0.12.3",
      "browserslist": "4.16.6",
      "concurrently": "6.2.0",
      "eslint": "7.26.0",
      "eslint-config-airbnb-base": "14.2.1",
      "eslint-plugin-import": "2.22.1",
      "eslint-plugin-jest": "24.3.6",
      "eslint-plugin-jsx-a11y": "6.4.1",
      "eslint-plugin-react": "7.23.2",
      "eslint-watch": "7.0.0",
      "flow-bin": "^0.133.0",
      "flow-typed": "^3.3.1",
      "gatsby-remark-highlight-code": "^3.0.0",
      "gh-pages": "3.2.3",
      "identity-obj-proxy": "3.0.0",
      "jest": "26.6.3",
      "jest-cli": "26.6.3",
      "lost": "8.3.1",
      "postcss-pxtorem": "5.1.1",
      "react-test-renderer": "17.0.2",
      "rimraf": "3.0.2",
      "sass": "^1.35.2",
      "stylelint": "13.13.1",
      "stylelint-config-recommended-scss": "4.2.0",
      "stylelint-scss": "3.19.0"
    }
  }

yarn manifest: 
  No manifest

Lockfile: 
  No lockfile
